2025-11-27 21:39:56,988 INFO  - Start Chef-Salad program
2025-11-27 21:39:56,995 DEBUG - Add Create command to Product menu
2025-11-27 21:39:56,995 DEBUG - Add Get all command to Product menu
2025-11-27 21:39:56,996 DEBUG - Add Get by calories command to Product menu
2025-11-27 21:39:56,996 DEBUG - Add By name command to Product menu
2025-11-27 21:39:56,997 DEBUG - Add Sort by calories command to Product menu
2025-11-27 21:39:56,997 DEBUG - Add Update command to Product menu
2025-11-27 21:39:56,998 DEBUG - Add Delete command to Product menu
2025-11-27 21:39:56,998 DEBUG - Add Product menu command to Main menu
2025-11-27 21:39:56,999 DEBUG - Add Create command to Salad menu
2025-11-27 21:39:56,999 DEBUG - Add Get all command to Salad menu
2025-11-27 21:39:56,999 DEBUG - Add Get more salad info command to Salad menu
2025-11-27 21:39:57,000 DEBUG - Add By name command to Salad menu
2025-11-27 21:39:57,000 DEBUG - Add By calories command to Salad menu
2025-11-27 21:39:57,001 DEBUG - Add By products command to Salad menu
2025-11-27 21:39:57,001 DEBUG - Add By tags command to Salad menu
2025-11-27 21:39:57,001 DEBUG - Add Delete command to Salad menu
2025-11-27 21:39:57,002 DEBUG - Add Update command to Salad menu
2025-11-27 21:39:57,002 DEBUG - Add Salad menu command to Main menu
2025-11-27 21:39:57,003 DEBUG - Add Save command to File menu
2025-11-27 21:39:57,003 DEBUG - Add Load command to File menu
2025-11-27 21:39:57,004 DEBUG - Add File menu command to Main menu
2025-11-27 21:39:58,989 INFO  - Start command - File menu, Load, save - products and salads
2025-11-27 21:40:00,608 INFO  - Start command - Load, Load salads and products from files
2025-11-27 21:40:00,609 DEBUG - Default path to load products - src/main/resources/products.txt
2025-11-27 21:40:00,609 DEBUG - Default path to load salads - src/main/resources/salads.txt
2025-11-27 21:40:02,797 INFO  - Loading products from 'src/main/resources/products.txt'
2025-11-27 21:40:02,798 INFO  - Loaded 10 products from 'src/main/resources/products.txt'
2025-11-27 21:40:02,808 INFO  - Add new product - Product{name='Apple', caloriesPer100=52, proteinsPer100=0, fatsPer100=0, carbsPer100=14}
2025-11-27 21:40:02,808 INFO  - Add new product - Product{name='Banana', caloriesPer100=89, proteinsPer100=1, fatsPer100=0, carbsPer100=23}
2025-11-27 21:40:02,808 INFO  - Add new product - Product{name='Egg', caloriesPer100=155, proteinsPer100=13, fatsPer100=11, carbsPer100=1}
2025-11-27 21:40:02,817 INFO  - Add new product - Vegetable{type='fruit', name='Tomato', caloriesPer100=18, proteinsPer100=1, fatsPer100=0, carbsPer100=4}
2025-11-27 21:40:02,817 INFO  - Add new product - Vegetable{type='green', name='Cucumber', caloriesPer100=15, proteinsPer100=1, fatsPer100=0, carbsPer100=3}
2025-11-27 21:40:02,817 INFO  - Add new product - Vegetable{type='cruciferous', name='Broccoli', caloriesPer100=34, proteinsPer100=3, fatsPer100=0, carbsPer100=7}
2025-11-27 21:40:02,821 INFO  - Add new product - LeafyVegetable{waterPercentage=92, type='leaf', name='Spinach', caloriesPer100=23, proteinsPer100=3, fatsPer100=0, carbsPer100=4}
2025-11-27 21:40:02,821 INFO  - Add new product - LeafyVegetable{waterPercentage=95, type='leaf', name='Lettuce', caloriesPer100=15, proteinsPer100=1, fatsPer100=0, carbsPer100=2}
2025-11-27 21:40:02,825 INFO  - Add new product - RootVegetable{starchContent=20, type='root', name='Carrot', caloriesPer100=121, BaseCaloriesPer100=41, proteinsPer100=1, fatsPer100=0, carbsPer100=10}
2025-11-27 21:40:02,825 INFO  - Add new product - RootVegetable{starchContent=15, type='root', name='Beetroot', caloriesPer100=103, BaseCaloriesPer100=43, proteinsPer100=2, fatsPer100=0, carbsPer100=10}
2025-11-27 21:40:02,825 INFO  - Loading salads from 'src/main/resources/salads.txt'
2025-11-27 21:40:02,829 INFO  - Loaded 10 salads from 'src/main/resources/salads.txt'
2025-11-27 21:40:02,834 INFO  - Add new salad - Salad{name='Summer Fresh Salad', timeToFinish=5, ingredients=Ingredient{product=Vegetable{type='fruit', name='Tomato', caloriesPer100=18, proteinsPer100=1, fatsPer100=0, carbsPer100=4}, weight=100.0}:100.0;Ingredient{product=Vegetable{type='green', name='Cucumber', caloriesPer100=15, proteinsPer100=1, fatsPer100=0, carbsPer100=3}, weight=150.0}:150.0;Ingredient{product=LeafyVegetable{waterPercentage=95, type='leaf', name='Lettuce', caloriesPer100=15, proteinsPer100=1, fatsPer100=0, carbsPer100=2}, weight=50.0}:50.0, instruction=wash;cut;mix;serve chilled, tags=light;vegan;fresh}
2025-11-27 21:40:02,834 INFO  - Add new salad - Salad{name='Protein Boost Salad', timeToFinish=12, ingredients=Ingredient{product=LeafyVegetable{waterPercentage=92, type='leaf', name='Spinach', caloriesPer100=23, proteinsPer100=3, fatsPer100=0, carbsPer100=4}, weight=80.0}:80.0;Ingredient{product=Product{name='Egg', caloriesPer100=155, proteinsPer100=13, fatsPer100=11, carbsPer100=1}, weight=100.0}:100.0;Ingredient{product=Vegetable{type='cruciferous', name='Broccoli', caloriesPer100=34, proteinsPer100=3, fatsPer100=0, carbsPer100=7}, weight=70.0}:70.0, instruction=boil eggs;chop veggies;mix;serve, tags=healthy;protein;energy}
2025-11-27 21:40:02,835 INFO  - Add new salad - Salad{name='Carrot & Beet Power Mix', timeToFinish=10, ingredients=Ingredient{product=RootVegetable{starchContent=20, type='root', name='Carrot', caloriesPer100=121, BaseCaloriesPer100=41, proteinsPer100=1, fatsPer100=0, carbsPer100=10}, weight=120.0}:120.0;Ingredient{product=RootVegetable{starchContent=15, type='root', name='Beetroot', caloriesPer100=103, BaseCaloriesPer100=43, proteinsPer100=2, fatsPer100=0, carbsPer100=10}, weight=120.0}:120.0, instruction=grate carrots;grate beetroot;mix, tags=fiber;root;detox}
2025-11-27 21:40:02,835 INFO  - Add new salad - Salad{name='Green Detox Bowl', timeToFinish=8, ingredients=Ingredient{product=Vegetable{type='green', name='Cucumber', caloriesPer100=15, proteinsPer100=1, fatsPer100=0, carbsPer100=3}, weight=120.0}:120.0;Ingredient{product=Vegetable{type='cruciferous', name='Broccoli', caloriesPer100=34, proteinsPer100=3, fatsPer100=0, carbsPer100=7}, weight=100.0}:100.0;Ingredient{product=LeafyVegetable{waterPercentage=92, type='leaf', name='Spinach', caloriesPer100=23, proteinsPer100=3, fatsPer100=0, carbsPer100=4}, weight=60.0}:60.0, instruction=steam broccoli;chop cucumber;mix with spinach, tags=green;healthy;detox}
2025-11-27 21:40:02,835 INFO  - Add new salad - Salad{name='Sweet Energy Salad', timeToFinish=4, ingredients=Ingredient{product=Product{name='Apple', caloriesPer100=52, proteinsPer100=0, fatsPer100=0, carbsPer100=14}, weight=80.0}:80.0;Ingredient{product=Product{name='Banana', caloriesPer100=89, proteinsPer100=1, fatsPer100=0, carbsPer100=23}, weight=60.0}:60.0, instruction=slice apple;slice banana;combine;serve, tags=fruit;sweet;energy}
2025-11-27 21:40:02,835 INFO  - Add new salad - Salad{name='Classic Garden Salad', timeToFinish=6, ingredients=Ingredient{product=Vegetable{type='fruit', name='Tomato', caloriesPer100=18, proteinsPer100=1, fatsPer100=0, carbsPer100=4}, weight=100.0}:100.0;Ingredient{product=Vegetable{type='green', name='Cucumber', caloriesPer100=15, proteinsPer100=1, fatsPer100=0, carbsPer100=3}, weight=100.0}:100.0;Ingredient{product=LeafyVegetable{waterPercentage=95, type='leaf', name='Lettuce', caloriesPer100=15, proteinsPer100=1, fatsPer100=0, carbsPer100=2}, weight=70.0}:70.0, instruction=chop vegetables;mix;serve, tags=classic;fresh}
2025-11-27 21:40:02,835 INFO  - Add new salad - Salad{name='Iron Boost Salad', timeToFinish=7, ingredients=Ingredient{product=LeafyVegetable{waterPercentage=92, type='leaf', name='Spinach', caloriesPer100=23, proteinsPer100=3, fatsPer100=0, carbsPer100=4}, weight=70.0}:70.0;Ingredient{product=RootVegetable{starchContent=15, type='root', name='Beetroot', caloriesPer100=103, BaseCaloriesPer100=43, proteinsPer100=2, fatsPer100=0, carbsPer100=10}, weight=90.0}:90.0;Ingredient{product=Product{name='Apple', caloriesPer100=52, proteinsPer100=0, fatsPer100=0, carbsPer100=14}, weight=40.0}:40.0, instruction=wash spinach;slice apple;mix with beetroot, tags=vitamins;healthy;iron}
2025-11-27 21:40:02,836 INFO  - Add new salad - Salad{name='Crunchy Veggie Salad', timeToFinish=5, ingredients=Ingredient{product=RootVegetable{starchContent=20, type='root', name='Carrot', caloriesPer100=121, BaseCaloriesPer100=41, proteinsPer100=1, fatsPer100=0, carbsPer100=10}, weight=100.0}:100.0;Ingredient{product=Vegetable{type='green', name='Cucumber', caloriesPer100=15, proteinsPer100=1, fatsPer100=0, carbsPer100=3}, weight=100.0}:100.0;Ingredient{product=Vegetable{type='cruciferous', name='Broccoli', caloriesPer100=34, proteinsPer100=3, fatsPer100=0, carbsPer100=7}, weight=60.0}:60.0, instruction=cut vegetables;mix;serve, tags=crunchy;vegan;fresh}
2025-11-27 21:40:02,836 INFO  - Add new salad - Salad{name='Fruit & Greens Fusion', timeToFinish=5, ingredients=Ingredient{product=Product{name='Apple', caloriesPer100=52, proteinsPer100=0, fatsPer100=0, carbsPer100=14}, weight=60.0}:60.0;Ingredient{product=LeafyVegetable{waterPercentage=92, type='leaf', name='Spinach', caloriesPer100=23, proteinsPer100=3, fatsPer100=0, carbsPer100=4}, weight=50.0}:50.0;Ingredient{product=Product{name='Banana', caloriesPer100=89, proteinsPer100=1, fatsPer100=0, carbsPer100=23}, weight=50.0}:50.0, instruction=slice fruits;add spinach;mix, tags=fusion;vitamins;light}
2025-11-27 21:40:02,836 INFO  - Add new salad - Salad{name='Ukrainian Fresh Bowl', timeToFinish=6, ingredients=Ingredient{product=Vegetable{type='fruit', name='Tomato', caloriesPer100=18, proteinsPer100=1, fatsPer100=0, carbsPer100=4}, weight=120.0}:120.0;Ingredient{product=Vegetable{type='green', name='Cucumber', caloriesPer100=15, proteinsPer100=1, fatsPer100=0, carbsPer100=3}, weight=100.0}:100.0;Ingredient{product=Product{name='Apple', caloriesPer100=52, proteinsPer100=0, fatsPer100=0, carbsPer100=14}, weight=50.0}:50.0, instruction=chop;mix;serve, tags=traditional;simple;fresh}
2025-11-27 21:40:02,836 INFO  - End command - Load, Load salads and products from files
2025-11-27 21:40:04,307 INFO  - Exit from menu 'File menu'
2025-11-27 21:40:04,308 INFO  - End command - File menu, Load, save - products and salads
2025-11-27 21:40:05,736 INFO  - Start command - Product menu, Create, get, update, delete products
2025-11-27 21:40:07,075 INFO  - Start command - Sort by calories, Sort by calories in asc/desc
2025-11-27 21:40:08,727 INFO  - Sorted products by calories ascending
2025-11-27 21:40:08,728 INFO  - End command - Sort by calories, Sort by calories in asc/desc
2025-11-27 21:40:10,500 INFO  - Start command - Delete, Delete product by ind
2025-11-27 21:40:11,262 WARN  - Can't delete product - Vegetable{type='cruciferous', name='Broccoli', caloriesPer100=34, proteinsPer100=3, fatsPer100=0, carbsPer100=7}! Because he is in salads - [Salad{name='Protein Boost Salad', timeToFinish=12, ingredients=Ingredient{product=LeafyVegetable{waterPercentage=92, type='leaf', name='Spinach', caloriesPer100=23, proteinsPer100=3, fatsPer100=0, carbsPer100=4}, weight=80.0}:80.0;Ingredient{product=Product{name='Egg', caloriesPer100=155, proteinsPer100=13, fatsPer100=11, carbsPer100=1}, weight=100.0}:100.0;Ingredient{product=Vegetable{type='cruciferous', name='Broccoli', caloriesPer100=34, proteinsPer100=3, fatsPer100=0, carbsPer100=7}, weight=70.0}:70.0, instruction=boil eggs;chop veggies;mix;serve, tags=healthy;protein;energy}, Salad{name='Green Detox Bowl', timeToFinish=8, ingredients=Ingredient{product=Vegetable{type='green', name='Cucumber', caloriesPer100=15, proteinsPer100=1, fatsPer100=0, carbsPer100=3}, weight=120.0}:120.0;Ingredient{product=Vegetable{type='cruciferous', name='Broccoli', caloriesPer100=34, proteinsPer100=3, fatsPer100=0, carbsPer100=7}, weight=100.0}:100.0;Ingredient{product=LeafyVegetable{waterPercentage=92, type='leaf', name='Spinach', caloriesPer100=23, proteinsPer100=3, fatsPer100=0, carbsPer100=4}, weight=60.0}:60.0, instruction=steam broccoli;chop cucumber;mix with spinach, tags=green;healthy;detox}, Salad{name='Crunchy Veggie Salad', timeToFinish=5, ingredients=Ingredient{product=RootVegetable{starchContent=20, type='root', name='Carrot', caloriesPer100=121, BaseCaloriesPer100=41, proteinsPer100=1, fatsPer100=0, carbsPer100=10}, weight=100.0}:100.0;Ingredient{product=Vegetable{type='green', name='Cucumber', caloriesPer100=15, proteinsPer100=1, fatsPer100=0, carbsPer100=3}, weight=100.0}:100.0;Ingredient{product=Vegetable{type='cruciferous', name='Broccoli', caloriesPer100=34, proteinsPer100=3, fatsPer100=0, carbsPer100=7}, weight=60.0}:60.0, instruction=cut vegetables;mix;serve, tags=crunchy;vegan;fresh}]!
2025-11-27 21:40:11,263 INFO  - End command - Delete, Delete product by ind
2025-11-27 21:40:13,131 INFO  - Start command - Create, Create product (name, calories, proteins, fats and carbs per 100 gram)
2025-11-27 21:40:31,055 INFO  - Add new product - RootVegetable{starchContent=10, type='newVegType', name='NewROOTVegetable', caloriesPer100=41, BaseCaloriesPer100=1, proteinsPer100=2, fatsPer100=3, carbsPer100=4}
2025-11-27 21:40:31,055 INFO  - End command - Create, Create product (name, calories, proteins, fats and carbs per 100 gram)
2025-11-27 21:40:32,547 INFO  - Exit from menu 'Product menu'
2025-11-27 21:40:32,548 INFO  - End command - Product menu, Create, get, update, delete products
2025-11-27 21:40:33,591 INFO  - Start command - Salad menu, Create, get, update, delete salads
2025-11-27 21:40:36,101 INFO  - Start command - Update, Update salad properties
2025-11-27 21:40:48,580 INFO  - Update salad with id - 9 - Salad{name='Ukrainian Best Fresh Bowl', timeToFinish=6, ingredients=Ingredient{product=Vegetable{type='fruit', name='Tomato', caloriesPer100=18, proteinsPer100=1, fatsPer100=0, carbsPer100=4}, weight=120.0}:120.0;Ingredient{product=Vegetable{type='green', name='Cucumber', caloriesPer100=15, proteinsPer100=1, fatsPer100=0, carbsPer100=3}, weight=100.0}:100.0;Ingredient{product=Product{name='Apple', caloriesPer100=52, proteinsPer100=0, fatsPer100=0, carbsPer100=14}, weight=50.0}:50.0, instruction=chop;mix;serve, tags=traditional;simple;fresh} 
2025-11-27 21:40:48,580 INFO  - End command - Update, Update salad properties
2025-11-27 21:40:50,627 INFO  - Start command - Delete, Delete salad by ind
2025-11-27 21:40:53,941 INFO  - Delete salad with id - 0 - Salad{name='Summer Fresh Salad', timeToFinish=5, ingredients=Ingredient{product=Vegetable{type='fruit', name='Tomato', caloriesPer100=18, proteinsPer100=1, fatsPer100=0, carbsPer100=4}, weight=100.0}:100.0;Ingredient{product=Vegetable{type='green', name='Cucumber', caloriesPer100=15, proteinsPer100=1, fatsPer100=0, carbsPer100=3}, weight=150.0}:150.0;Ingredient{product=LeafyVegetable{waterPercentage=95, type='leaf', name='Lettuce', caloriesPer100=15, proteinsPer100=1, fatsPer100=0, carbsPer100=2}, weight=50.0}:50.0, instruction=wash;cut;mix;serve chilled, tags=light;vegan;fresh} 
2025-11-27 21:40:53,941 INFO  - End command - Delete, Delete salad by ind
2025-11-27 21:40:55,385 INFO  - Exit from menu 'Salad menu'
2025-11-27 21:40:55,386 INFO  - End command - Salad menu, Create, get, update, delete salads
2025-11-27 21:40:56,745 INFO  - Exit from menu 'Main menu'
2025-11-27 21:40:56,746 DEBUG - Close console scanner - System.In!
2025-11-27 21:40:56,746 INFO  - End Chef-Salad program!
